<?xml version="1.0" encoding="UTF-8"?>
<testsuite name="com.example.telegrambot.ClientTests" tests="2" skipped="0" failures="0" errors="0" timestamp="2022-12-08T18:42:44" hostname="DESKTOP-MEM6RPA" time="0.542">
  <properties/>
  <testcase name="helpTest()" classname="com.example.telegrambot.ClientTests" time="0.535"/>
  <testcase name="coinTest()" classname="com.example.telegrambot.ClientTests" time="0.005"/>
  <system-out><![CDATA[21:42:40.997 [Test worker] DEBUG org.springframework.test.context.BootstrapUtils - Instantiating CacheAwareContextLoaderDelegate from class [org.springframework.test.context.cache.DefaultCacheAwareContextLoaderDelegate]
21:42:40.997 [Test worker] DEBUG org.springframework.test.context.BootstrapUtils - Instantiating BootstrapContext using constructor [public org.springframework.test.context.support.DefaultBootstrapContext(java.lang.Class,org.springframework.test.context.CacheAwareContextLoaderDelegate)]
21:42:41.044 [Test worker] DEBUG org.springframework.test.context.BootstrapUtils - Instantiating TestContextBootstrapper for test class [com.example.telegrambot.ClientTests] from class [org.springframework.boot.test.context.SpringBootTestContextBootstrapper]
21:42:41.060 [Test worker] INFO org.springframework.boot.test.context.SpringBootTestContextBootstrapper - Neither @ContextConfiguration nor @ContextHierarchy found for test class [com.example.telegrambot.ClientTests], using SpringBootContextLoader
21:42:41.075 [Test worker] DEBUG org.springframework.test.context.support.AbstractContextLoader - Did not detect default resource location for test class [com.example.telegrambot.ClientTests]: class path resource [com/example/telegrambot/ClientTests-context.xml] does not exist
21:42:41.075 [Test worker] DEBUG org.springframework.test.context.support.AbstractContextLoader - Did not detect default resource location for test class [com.example.telegrambot.ClientTests]: class path resource [com/example/telegrambot/ClientTestsContext.groovy] does not exist
21:42:41.075 [Test worker] INFO org.springframework.test.context.support.AbstractContextLoader - Could not detect default resource locations for test class [com.example.telegrambot.ClientTests]: no resource found for suffixes {-context.xml, Context.groovy}.
21:42:41.122 [Test worker] DEBUG org.springframework.test.context.support.ActiveProfilesUtils - Could not find an 'annotation declaring class' for annotation type [org.springframework.test.context.ActiveProfiles] and class [com.example.telegrambot.ClientTests]
21:42:41.278 [Test worker] DEBUG org.springframework.boot.test.context.SpringBootTestContextBootstrapper - @TestExecutionListeners is not present for class [com.example.telegrambot.ClientTests]: using defaults.
21:42:41.278 [Test worker] INFO org.springframework.boot.test.context.SpringBootTestContextBootstrapper - Loaded default TestExecutionListener class names from location [META-INF/spring.factories]: [org.springframework.boot.test.autoconfigure.restdocs.RestDocsTestExecutionListener, org.springframework.boot.test.autoconfigure.web.client.MockRestServiceServerResetTestExecutionListener, org.springframework.boot.test.autoconfigure.web.servlet.MockMvcPrintOnlyOnFailureTestExecutionListener, org.springframework.boot.test.autoconfigure.web.servlet.WebDriverTestExecutionListener, org.springframework.boot.test.autoconfigure.webservices.client.MockWebServiceServerTestExecutionListener, org.springframework.boot.test.mock.mockito.MockitoTestExecutionListener, org.springframework.boot.test.mock.mockito.ResetMocksTestExecutionListener, org.springframework.test.context.web.ServletTestExecutionListener, org.springframework.test.context.support.DirtiesContextBeforeModesTestExecutionListener, org.springframework.test.context.event.ApplicationEventsTestExecutionListener, org.springframework.test.context.support.DependencyInjectionTestExecutionListener, org.springframework.test.context.support.DirtiesContextTestExecutionListener, org.springframework.test.context.transaction.TransactionalTestExecutionListener, org.springframework.test.context.jdbc.SqlScriptsTestExecutionListener, org.springframework.test.context.event.EventPublishingTestExecutionListener]
21:42:41.294 [Test worker] DEBUG org.springframework.boot.test.context.SpringBootTestContextBootstrapper - Skipping candidate TestExecutionListener [org.springframework.test.context.transaction.TransactionalTestExecutionListener] due to a missing dependency. Specify custom listener classes or make the default listener classes and their required dependencies available. Offending class: [org/springframework/transaction/interceptor/TransactionAttributeSource]
21:42:41.294 [Test worker] DEBUG org.springframework.boot.test.context.SpringBootTestContextBootstrapper - Skipping candidate TestExecutionListener [org.springframework.test.context.jdbc.SqlScriptsTestExecutionListener] due to a missing dependency. Specify custom listener classes or make the default listener classes and their required dependencies available. Offending class: [org/springframework/transaction/interceptor/TransactionAttribute]
21:42:41.294 [Test worker] INFO org.springframework.boot.test.context.SpringBootTestContextBootstrapper - Using TestExecutionListeners: [org.springframework.test.context.web.ServletTestExecutionListener@3aacf32a, org.springframework.test.context.support.DirtiesContextBeforeModesTestExecutionListener@4fdfa676, org.springframework.test.context.event.ApplicationEventsTestExecutionListener@82c57b3, org.springframework.boot.test.mock.mockito.MockitoTestExecutionListener@5be82d43, org.springframework.boot.test.autoconfigure.SpringBootDependencyInjectionTestExecutionListener@600b0b7, org.springframework.test.context.support.DirtiesContextTestExecutionListener@345e5a17, org.springframework.test.context.event.EventPublishingTestExecutionListener@5ea502e0, org.springframework.boot.test.autoconfigure.restdocs.RestDocsTestExecutionListener@443dbe42, org.springframework.boot.test.autoconfigure.web.client.MockRestServiceServerResetTestExecutionListener@473b3b7a, org.springframework.boot.test.autoconfigure.web.servlet.MockMvcPrintOnlyOnFailureTestExecutionListener@1734f68, org.springframework.boot.test.autoconfigure.web.servlet.WebDriverTestExecutionListener@77b7ffa4, org.springframework.boot.test.autoconfigure.webservices.client.MockWebServiceServerTestExecutionListener@5ed190be, org.springframework.boot.test.mock.mockito.ResetMocksTestExecutionListener@402f80f5]
21:42:41.310 [Test worker] DEBUG org.springframework.test.context.support.AbstractDirtiesContextTestExecutionListener - Before test class: context [DefaultTestContext@c41709a testClass = ClientTests, testInstance = [null], testMethod = [null], testException = [null], mergedContextConfiguration = [WebMergedContextConfiguration@7db0565c testClass = ClientTests, locations = '{}', classes = '{class com.example.telegrambot.TelegramBotApplication}', contextInitializerClasses = '[]', activeProfiles = '{}', propertySourceLocations = '{}', propertySourceProperties = '{org.springframework.boot.test.context.SpringBootTestContextBootstrapper=true}', contextCustomizers = set[org.springframework.boot.test.autoconfigure.actuate.metrics.MetricsExportContextCustomizerFactory$DisableMetricExportContextCustomizer@dcfda20, org.springframework.boot.test.autoconfigure.properties.PropertyMappingContextCustomizer@0, org.springframework.boot.test.autoconfigure.web.servlet.WebDriverContextCustomizerFactory$Customizer@3dddefd8, org.springframework.boot.test.context.filter.ExcludeFilterContextCustomizer@5316e95f, org.springframework.boot.test.json.DuplicateJsonObjectContextCustomizerFactory$DuplicateJsonObjectContextCustomizer@13c3c1e1, org.springframework.boot.test.mock.mockito.MockitoContextCustomizer@0, org.springframework.boot.test.web.client.TestRestTemplateContextCustomizer@5827af16, org.springframework.boot.test.web.reactive.server.WebTestClientContextCustomizer@12dae582, org.springframework.boot.test.context.SpringBootTestArgs@1, org.springframework.boot.test.context.SpringBootTestWebEnvironment@14a50707], resourceBasePath = 'src/main/webapp', contextLoader = 'org.springframework.boot.test.context.SpringBootContextLoader', parent = [null]], attributes = map['org.springframework.test.context.web.ServletTestExecutionListener.activateListener' -> true]], class annotated with @DirtiesContext [false] with mode [null].

  .   ____          _            __ _ _
 /\\ / ___'_ __ _ _(_)_ __  __ _ \ \ \ \
( ( )\___ | '_ | '_| | '_ \/ _` | \ \ \ \
 \\/  ___)| |_)| | | | | || (_| |  ) ) ) )
  '  |____| .__|_| |_|_| |_\__, | / / / /
 =========|_|==============|___/=/_/_/_/
 :: Spring Boot ::                (v2.7.6)

2022-12-08 21:42:41.747  WARN 9528 --- [    Test worker] ory$DuplicateJsonObjectContextCustomizer : 

Found multiple occurrences of org.json.JSONObject on the class path:

	jar:file:/C:/Users/mahon/.gradle/caches/modules-2/files-2.1/org.json/json/20220924/5aa95e7688f76c664af205c5937620f02688dfbc/json-20220924.jar!/org/json/JSONObject.class
	jar:file:/C:/Users/mahon/.gradle/caches/modules-2/files-2.1/com.vaadin.external.google/android-json/0.0.20131108.vaadin1/fa26d351fe62a6a17f5cda1287c1c6110dec413f/android-json-0.0.20131108.vaadin1.jar!/org/json/JSONObject.class

You may wish to exclude one of them to ensure predictable runtime behavior

2022-12-08 21:42:41.778  INFO 9528 --- [    Test worker] com.example.telegrambot.ClientTests      : Starting ClientTests using Java 11.0.14 on DESKTOP-MEM6RPA with PID 9528 (started by mahon in C:\Users\mahon\IdeaProjects\softEng)
2022-12-08 21:42:41.778  INFO 9528 --- [    Test worker] com.example.telegrambot.ClientTests      : No active profile set, falling back to 1 default profile: "default"
2022-12-08 21:42:44.880  INFO 9528 --- [    Test worker] com.example.telegrambot.ClientTests      : Started ClientTests in 3.519 seconds (JVM running for 5.089)
]]></system-out>
  <system-err><![CDATA[]]></system-err>
</testsuite>
