<?xml version="1.0" encoding="UTF-8"?>
<testsuite name="com.example.telegrambot.ClientTests" tests="2" skipped="0" failures="0" errors="0" timestamp="2022-12-08T20:33:29" hostname="DESKTOP-MEM6RPA" time="0.027">
  <properties/>
  <testcase name="helpTest()" classname="com.example.telegrambot.ClientTests" time="0.025"/>
  <testcase name="coinTest()" classname="com.example.telegrambot.ClientTests" time="0.001"/>
  <system-out><![CDATA[]]></system-out>
  <system-err><![CDATA[]]></system-err>
</testsuite>
