<?xml version="1.0" encoding="UTF-8"?>
<testsuite name="com.example.telegrambot.ClientTests" tests="2" skipped="0" failures="0" errors="0" timestamp="2022-12-08T19:54:07" hostname="DESKTOP-MEM6RPA" time="0.504">
  <properties/>
  <testcase name="helpTest()" classname="com.example.telegrambot.ClientTests" time="0.498"/>
  <testcase name="coinTest()" classname="com.example.telegrambot.ClientTests" time="0.004"/>
  <system-out><![CDATA[22:54:02.656 [Test worker] DEBUG org.springframework.test.context.BootstrapUtils - Instantiating CacheAwareContextLoaderDelegate from class [org.springframework.test.context.cache.DefaultCacheAwareContextLoaderDelegate]
22:54:02.675 [Test worker] DEBUG org.springframework.test.context.BootstrapUtils - Instantiating BootstrapContext using constructor [public org.springframework.test.context.support.DefaultBootstrapContext(java.lang.Class,org.springframework.test.context.CacheAwareContextLoaderDelegate)]
22:54:02.722 [Test worker] DEBUG org.springframework.test.context.BootstrapUtils - Instantiating TestContextBootstrapper for test class [com.example.telegrambot.ClientTests] from class [org.springframework.boot.test.context.SpringBootTestContextBootstrapper]
22:54:02.743 [Test worker] INFO org.springframework.boot.test.context.SpringBootTestContextBootstrapper - Neither @ContextConfiguration nor @ContextHierarchy found for test class [com.example.telegrambot.ClientTests], using SpringBootContextLoader
22:54:02.748 [Test worker] DEBUG org.springframework.test.context.support.AbstractContextLoader - Did not detect default resource location for test class [com.example.telegrambot.ClientTests]: class path resource [com/example/telegrambot/ClientTests-context.xml] does not exist
22:54:02.748 [Test worker] DEBUG org.springframework.test.context.support.AbstractContextLoader - Did not detect default resource location for test class [com.example.telegrambot.ClientTests]: class path resource [com/example/telegrambot/ClientTestsContext.groovy] does not exist
22:54:02.749 [Test worker] INFO org.springframework.test.context.support.AbstractContextLoader - Could not detect default resource locations for test class [com.example.telegrambot.ClientTests]: no resource found for suffixes {-context.xml, Context.groovy}.
22:54:02.833 [Test worker] DEBUG org.springframework.test.context.support.ActiveProfilesUtils - Could not find an 'annotation declaring class' for annotation type [org.springframework.test.context.ActiveProfiles] and class [com.example.telegrambot.ClientTests]
22:54:03.024 [Test worker] DEBUG org.springframework.boot.test.context.SpringBootTestContextBootstrapper - @TestExecutionListeners is not present for class [com.example.telegrambot.ClientTests]: using defaults.
22:54:03.025 [Test worker] INFO org.springframework.boot.test.context.SpringBootTestContextBootstrapper - Loaded default TestExecutionListener class names from location [META-INF/spring.factories]: [org.springframework.boot.test.autoconfigure.restdocs.RestDocsTestExecutionListener, org.springframework.boot.test.autoconfigure.web.client.MockRestServiceServerResetTestExecutionListener, org.springframework.boot.test.autoconfigure.web.servlet.MockMvcPrintOnlyOnFailureTestExecutionListener, org.springframework.boot.test.autoconfigure.web.servlet.WebDriverTestExecutionListener, org.springframework.boot.test.autoconfigure.webservices.client.MockWebServiceServerTestExecutionListener, org.springframework.boot.test.mock.mockito.MockitoTestExecutionListener, org.springframework.boot.test.mock.mockito.ResetMocksTestExecutionListener, org.springframework.test.context.web.ServletTestExecutionListener, org.springframework.test.context.support.DirtiesContextBeforeModesTestExecutionListener, org.springframework.test.context.event.ApplicationEventsTestExecutionListener, org.springframework.test.context.support.DependencyInjectionTestExecutionListener, org.springframework.test.context.support.DirtiesContextTestExecutionListener, org.springframework.test.context.transaction.TransactionalTestExecutionListener, org.springframework.test.context.jdbc.SqlScriptsTestExecutionListener, org.springframework.test.context.event.EventPublishingTestExecutionListener]
22:54:03.048 [Test worker] DEBUG org.springframework.boot.test.context.SpringBootTestContextBootstrapper - Skipping candidate TestExecutionListener [org.springframework.test.context.transaction.TransactionalTestExecutionListener] due to a missing dependency. Specify custom listener classes or make the default listener classes and their required dependencies available. Offending class: [org/springframework/transaction/TransactionDefinition]
22:54:03.050 [Test worker] DEBUG org.springframework.boot.test.context.SpringBootTestContextBootstrapper - Skipping candidate TestExecutionListener [org.springframework.test.context.jdbc.SqlScriptsTestExecutionListener] due to a missing dependency. Specify custom listener classes or make the default listener classes and their required dependencies available. Offending class: [org/springframework/transaction/interceptor/TransactionAttribute]
22:54:03.051 [Test worker] INFO org.springframework.boot.test.context.SpringBootTestContextBootstrapper - Using TestExecutionListeners: [org.springframework.test.context.web.ServletTestExecutionListener@797501a, org.springframework.test.context.support.DirtiesContextBeforeModesTestExecutionListener@1a15b789, org.springframework.test.context.event.ApplicationEventsTestExecutionListener@57f791c6, org.springframework.boot.test.mock.mockito.MockitoTestExecutionListener@51650883, org.springframework.boot.test.autoconfigure.SpringBootDependencyInjectionTestExecutionListener@6c4f9535, org.springframework.test.context.support.DirtiesContextTestExecutionListener@5bd1ceca, org.springframework.test.context.event.EventPublishingTestExecutionListener@30c31dd7, org.springframework.boot.test.autoconfigure.restdocs.RestDocsTestExecutionListener@499b2a5c, org.springframework.boot.test.autoconfigure.web.client.MockRestServiceServerResetTestExecutionListener@596df867, org.springframework.boot.test.autoconfigure.web.servlet.MockMvcPrintOnlyOnFailureTestExecutionListener@c1fca1e, org.springframework.boot.test.autoconfigure.web.servlet.WebDriverTestExecutionListener@241a53ef, org.springframework.boot.test.autoconfigure.webservices.client.MockWebServiceServerTestExecutionListener@344344fa, org.springframework.boot.test.mock.mockito.ResetMocksTestExecutionListener@2db2cd5]
22:54:03.063 [Test worker] DEBUG org.springframework.test.context.support.AbstractDirtiesContextTestExecutionListener - Before test class: context [DefaultTestContext@82c57b3 testClass = ClientTests, testInstance = [null], testMethod = [null], testException = [null], mergedContextConfiguration = [WebMergedContextConfiguration@5be82d43 testClass = ClientTests, locations = '{}', classes = '{class com.example.telegrambot.TelegramBotApplication}', contextInitializerClasses = '[]', activeProfiles = '{}', propertySourceLocations = '{}', propertySourceProperties = '{org.springframework.boot.test.context.SpringBootTestContextBootstrapper=true}', contextCustomizers = set[org.springframework.boot.test.autoconfigure.actuate.metrics.MetricsExportContextCustomizerFactory$DisableMetricExportContextCustomizer@dcfda20, org.springframework.boot.test.autoconfigure.properties.PropertyMappingContextCustomizer@0, org.springframework.boot.test.autoconfigure.web.servlet.WebDriverContextCustomizerFactory$Customizer@3dddefd8, org.springframework.boot.test.context.filter.ExcludeFilterContextCustomizer@5316e95f, org.springframework.boot.test.json.DuplicateJsonObjectContextCustomizerFactory$DuplicateJsonObjectContextCustomizer@13c3c1e1, org.springframework.boot.test.mock.mockito.MockitoContextCustomizer@0, org.springframework.boot.test.web.client.TestRestTemplateContextCustomizer@5827af16, org.springframework.boot.test.web.reactive.server.WebTestClientContextCustomizer@12dae582, org.springframework.boot.test.context.SpringBootTestArgs@1, org.springframework.boot.test.context.SpringBootTestWebEnvironment@14a50707], resourceBasePath = 'src/main/webapp', contextLoader = 'org.springframework.boot.test.context.SpringBootContextLoader', parent = [null]], attributes = map['org.springframework.test.context.web.ServletTestExecutionListener.activateListener' -> true]], class annotated with @DirtiesContext [false] with mode [null].

  .   ____          _            __ _ _
 /\\ / ___'_ __ _ _(_)_ __  __ _ \ \ \ \
( ( )\___ | '_ | '_| | '_ \/ _` | \ \ \ \
 \\/  ___)| |_)| | | | | || (_| |  ) ) ) )
  '  |____| .__|_| |_|_| |_\__, | / / / /
 =========|_|==============|___/=/_/_/_/
 :: Spring Boot ::                (v2.7.6)

2022-12-08 22:54:03.576  WARN 11076 --- [    Test worker] ory$DuplicateJsonObjectContextCustomizer : 

Found multiple occurrences of org.json.JSONObject on the class path:

	jar:file:/C:/Users/mahon/.gradle/caches/modules-2/files-2.1/org.json/json/20220924/5aa95e7688f76c664af205c5937620f02688dfbc/json-20220924.jar!/org/json/JSONObject.class
	jar:file:/C:/Users/mahon/.gradle/caches/modules-2/files-2.1/com.vaadin.external.google/android-json/0.0.20131108.vaadin1/fa26d351fe62a6a17f5cda1287c1c6110dec413f/android-json-0.0.20131108.vaadin1.jar!/org/json/JSONObject.class

You may wish to exclude one of them to ensure predictable runtime behavior

2022-12-08 22:54:03.601  INFO 11076 --- [    Test worker] com.example.telegrambot.ClientTests      : Starting ClientTests using Java 11.0.14 on DESKTOP-MEM6RPA with PID 11076 (started by mahon in C:\Users\mahon\IdeaProjects\softEng)
2022-12-08 22:54:03.602  INFO 11076 --- [    Test worker] com.example.telegrambot.ClientTests      : No active profile set, falling back to 1 default profile: "default"
2022-12-08 22:54:07.086  INFO 11076 --- [    Test worker] com.example.telegrambot.ClientTests      : Started ClientTests in 3.959 seconds (JVM running for 5.698)
]]></system-out>
  <system-err><![CDATA[]]></system-err>
</testsuite>
